2024-04-27 13:03:01,318 INFO o.a.j.u.JMeterUtils: Setting Locale to en_IN
2024-04-27 13:03:01,361 INFO o.a.j.JMeter: Loading user properties from: user.properties
2024-04-27 13:03:01,362 INFO o.a.j.JMeter: Loading system properties from: system.properties
2024-04-27 13:03:01,372 INFO o.a.j.JMeter: Copyright (c) 1998-2024 The Apache Software Foundation
2024-04-27 13:03:01,373 INFO o.a.j.JMeter: Version 5.6.3
2024-04-27 13:03:01,373 INFO o.a.j.JMeter: java.version=21.0.2
2024-04-27 13:03:01,373 INFO o.a.j.JMeter: java.vm.name=Java HotSpot(TM) 64-Bit Server VM
2024-04-27 13:03:01,373 INFO o.a.j.JMeter: os.name=Windows 11
2024-04-27 13:03:01,373 INFO o.a.j.JMeter: os.arch=amd64
2024-04-27 13:03:01,373 INFO o.a.j.JMeter: os.version=10.0
2024-04-27 13:03:01,374 INFO o.a.j.JMeter: file.encoding=UTF-8
2024-04-27 13:03:01,374 INFO o.a.j.JMeter: java.awt.headless=null
2024-04-27 13:03:01,374 INFO o.a.j.JMeter: Max memory     =4200595456
2024-04-27 13:03:01,374 INFO o.a.j.JMeter: Available Processors =12
2024-04-27 13:03:01,389 INFO o.a.j.JMeter: Default Locale=English (India)
2024-04-27 13:03:01,389 INFO o.a.j.JMeter: JMeter  Locale=English (India)
2024-04-27 13:03:01,389 INFO o.a.j.JMeter: JMeterHome=C:\Users\KumarHimansh\Downloads\apache-jmeter-5.6.3\apache-jmeter-5.6.3
2024-04-27 13:03:01,390 INFO o.a.j.JMeter: user.dir  =C:\Users\KumarHimansh\Downloads\apache-jmeter-5.6.3\apache-jmeter-5.6.3\bin
2024-04-27 13:03:01,390 INFO o.a.j.JMeter: PWD       =C:\Users\KumarHimansh\Downloads\apache-jmeter-5.6.3\apache-jmeter-5.6.3\bin
2024-04-27 13:03:06,399 INFO o.a.j.JMeter: IP: 192.168.199.225 Name: ISCN5CG3440D7B FullName: ISCN5CG3440D7B.infineon.com
2024-04-27 13:03:06,434 INFO o.a.j.JMeter: Loaded icon properties from org/apache/jmeter/images/icon.properties
2024-04-27 13:03:07,007 INFO o.a.j.JMeterGuiLauncher: Setting LAF to: com.github.weisj.darklaf.DarkLaf:com.github.weisj.darklaf.theme.DarculaTheme
2024-04-27 13:04:14,728 INFO o.a.j.p.h.s.HTTPSamplerBase: Parser for text/html is org.apache.jmeter.protocol.http.parser.LagartoBasedHtmlParser
2024-04-27 13:04:14,729 INFO o.a.j.p.h.s.HTTPSamplerBase: Parser for application/xhtml+xml is org.apache.jmeter.protocol.http.parser.LagartoBasedHtmlParser
2024-04-27 13:04:14,729 INFO o.a.j.p.h.s.HTTPSamplerBase: Parser for application/xml is org.apache.jmeter.protocol.http.parser.LagartoBasedHtmlParser
2024-04-27 13:04:14,729 INFO o.a.j.p.h.s.HTTPSamplerBase: Parser for text/xml is org.apache.jmeter.protocol.http.parser.LagartoBasedHtmlParser
2024-04-27 13:04:14,729 INFO o.a.j.p.h.s.HTTPSamplerBase: Parser for text/vnd.wap.wml is org.apache.jmeter.protocol.http.parser.RegexpHTMLParser
2024-04-27 13:04:14,729 INFO o.a.j.p.h.s.HTTPSamplerBase: Parser for text/css is org.apache.jmeter.protocol.http.parser.CssParser
2024-04-27 13:05:34,247 INFO o.a.j.s.SampleResult: Note: Sample TimeStamps are START times
2024-04-27 13:05:34,248 INFO o.a.j.s.SampleResult: sampleresult.default.encoding is set to UTF-8
2024-04-27 13:05:34,248 INFO o.a.j.s.SampleResult: sampleresult.useNanoTime=true
2024-04-27 13:05:34,248 INFO o.a.j.s.SampleResult: sampleresult.nanoThreadSleep=5000
2024-04-27 13:05:57,090 INFO o.a.j.s.FileServer: Default base='C:\Users\KumarHimansh\Downloads\apache-jmeter-5.6.3\apache-jmeter-5.6.3\bin'
2024-04-27 13:05:57,091 INFO o.a.j.s.FileServer: Set new base='C:\Users\KumarHimansh\Downloads\apache-jmeter-5.6.3\apache-jmeter-5.6.3\bin'
2024-04-27 13:05:57,382 INFO o.a.j.s.SaveService: Testplan (JMX) version: 2.2. Testlog (JTL) version: 2.2
2024-04-27 13:05:57,421 INFO o.a.j.s.SaveService: Using SaveService properties version 5.0
2024-04-27 13:05:57,424 INFO o.a.j.s.SaveService: Using SaveService properties file encoding UTF-8
2024-04-27 13:05:57,457 INFO o.a.j.e.StandardJMeterEngine: Running the test!
2024-04-27 13:05:57,459 INFO o.a.j.s.SampleEvent: List of sample_variables: []
2024-04-27 13:05:57,459 INFO o.a.j.s.SampleEvent: List of sample_variables: []
2024-04-27 13:05:57,461 INFO o.a.j.e.u.CompoundVariable: Note: Function class names must contain the string: '.functions.'
2024-04-27 13:05:57,461 INFO o.a.j.e.u.CompoundVariable: Note: Function class names must not contain the string: '.gui.'
2024-04-27 13:05:57,536 INFO o.a.j.g.u.JMeterMenuBar: setRunning(true, *local*)
2024-04-27 13:05:57,579 INFO o.a.j.e.StandardJMeterEngine: Starting ThreadGroup: 1 : Thread Group
2024-04-27 13:05:57,579 INFO o.a.j.e.StandardJMeterEngine: Starting 15 threads for group Thread Group.
2024-04-27 13:05:57,579 INFO o.a.j.e.StandardJMeterEngine: Thread will continue on error
2024-04-27 13:05:57,579 INFO o.a.j.t.ThreadGroup: Starting thread group... number=1 threads=15 ramp-up=1 delayedStart=false
2024-04-27 13:05:57,582 INFO o.a.j.t.JMeterThread: Thread started: Thread Group 1-1
2024-04-27 13:05:57,585 INFO o.a.j.t.ThreadGroup: Started thread group number 1
2024-04-27 13:05:57,585 INFO o.a.j.e.StandardJMeterEngine: All thread groups have been started
2024-04-27 13:05:57,606 INFO o.a.j.p.h.s.HTTPHCAbstractImpl: Local host = ISCN5CG3440D7B
2024-04-27 13:05:57,614 INFO o.a.j.p.h.s.HTTPHC4Impl: HTTP request retry count = 0
2024-04-27 13:05:57,649 INFO o.a.j.t.JMeterThread: Thread started: Thread Group 1-2
2024-04-27 13:05:57,697 INFO o.a.j.t.JMeterThread: Thread is done: Thread Group 1-1
2024-04-27 13:05:57,697 INFO o.a.j.t.JMeterThread: Thread is done: Thread Group 1-2
2024-04-27 13:05:57,697 INFO o.a.j.t.JMeterThread: Thread finished: Thread Group 1-1
2024-04-27 13:05:57,697 INFO o.a.j.t.JMeterThread: Thread finished: Thread Group 1-2
2024-04-27 13:05:57,715 INFO o.a.j.t.JMeterThread: Thread started: Thread Group 1-3
2024-04-27 13:05:57,716 INFO o.a.j.t.JMeterThread: Thread is done: Thread Group 1-3
2024-04-27 13:05:57,716 INFO o.a.j.t.JMeterThread: Thread finished: Thread Group 1-3
2024-04-27 13:05:57,782 INFO o.a.j.t.JMeterThread: Thread started: Thread Group 1-4
2024-04-27 13:05:57,783 INFO o.a.j.t.JMeterThread: Thread is done: Thread Group 1-4
2024-04-27 13:05:57,783 INFO o.a.j.t.JMeterThread: Thread finished: Thread Group 1-4
2024-04-27 13:05:57,849 INFO o.a.j.t.JMeterThread: Thread started: Thread Group 1-5
2024-04-27 13:05:57,861 INFO o.a.j.t.JMeterThread: Thread is done: Thread Group 1-5
2024-04-27 13:05:57,862 INFO o.a.j.t.JMeterThread: Thread finished: Thread Group 1-5
2024-04-27 13:05:57,916 INFO o.a.j.t.JMeterThread: Thread started: Thread Group 1-6
2024-04-27 13:05:57,918 INFO o.a.j.t.JMeterThread: Thread is done: Thread Group 1-6
2024-04-27 13:05:57,918 INFO o.a.j.t.JMeterThread: Thread finished: Thread Group 1-6
2024-04-27 13:05:57,983 INFO o.a.j.t.JMeterThread: Thread started: Thread Group 1-7
2024-04-27 13:05:57,988 INFO o.a.j.t.JMeterThread: Thread is done: Thread Group 1-7
2024-04-27 13:05:57,988 INFO o.a.j.t.JMeterThread: Thread finished: Thread Group 1-7
2024-04-27 13:05:58,049 INFO o.a.j.t.JMeterThread: Thread started: Thread Group 1-8
2024-04-27 13:05:58,050 INFO o.a.j.t.JMeterThread: Thread is done: Thread Group 1-8
2024-04-27 13:05:58,051 INFO o.a.j.t.JMeterThread: Thread finished: Thread Group 1-8
2024-04-27 13:05:58,118 INFO o.a.j.t.JMeterThread: Thread started: Thread Group 1-9
2024-04-27 13:05:58,120 INFO o.a.j.t.JMeterThread: Thread is done: Thread Group 1-9
2024-04-27 13:05:58,120 INFO o.a.j.t.JMeterThread: Thread finished: Thread Group 1-9
2024-04-27 13:05:58,183 INFO o.a.j.t.JMeterThread: Thread started: Thread Group 1-10
2024-04-27 13:05:58,184 INFO o.a.j.t.JMeterThread: Thread is done: Thread Group 1-10
2024-04-27 13:05:58,184 INFO o.a.j.t.JMeterThread: Thread finished: Thread Group 1-10
2024-04-27 13:05:58,250 INFO o.a.j.t.JMeterThread: Thread started: Thread Group 1-11
2024-04-27 13:05:58,252 INFO o.a.j.t.JMeterThread: Thread is done: Thread Group 1-11
2024-04-27 13:05:58,252 INFO o.a.j.t.JMeterThread: Thread finished: Thread Group 1-11
2024-04-27 13:05:58,317 INFO o.a.j.t.JMeterThread: Thread started: Thread Group 1-12
2024-04-27 13:05:58,319 INFO o.a.j.t.JMeterThread: Thread is done: Thread Group 1-12
2024-04-27 13:05:58,319 INFO o.a.j.t.JMeterThread: Thread finished: Thread Group 1-12
2024-04-27 13:05:58,384 INFO o.a.j.t.JMeterThread: Thread started: Thread Group 1-13
2024-04-27 13:05:58,387 INFO o.a.j.t.JMeterThread: Thread is done: Thread Group 1-13
2024-04-27 13:05:58,387 INFO o.a.j.t.JMeterThread: Thread finished: Thread Group 1-13
2024-04-27 13:05:58,453 INFO o.a.j.t.JMeterThread: Thread started: Thread Group 1-14
2024-04-27 13:05:58,454 INFO o.a.j.t.JMeterThread: Thread is done: Thread Group 1-14
2024-04-27 13:05:58,454 INFO o.a.j.t.JMeterThread: Thread finished: Thread Group 1-14
2024-04-27 13:05:58,520 INFO o.a.j.t.JMeterThread: Thread started: Thread Group 1-15
2024-04-27 13:05:58,521 INFO o.a.j.t.JMeterThread: Thread is done: Thread Group 1-15
2024-04-27 13:05:58,521 INFO o.a.j.t.JMeterThread: Thread finished: Thread Group 1-15
2024-04-27 13:05:58,522 INFO o.a.j.e.StandardJMeterEngine: Notifying test listeners of end of test
2024-04-27 13:05:58,522 INFO o.a.j.g.u.JMeterMenuBar: setRunning(false, *local*)
2024-04-27 13:07:13,890 INFO o.a.j.e.StandardJMeterEngine: Running the test!
2024-04-27 13:07:13,890 INFO o.a.j.s.SampleEvent: List of sample_variables: []
2024-04-27 13:07:13,891 INFO o.a.j.g.u.JMeterMenuBar: setRunning(true, *local*)
2024-04-27 13:07:13,929 INFO o.a.j.e.StandardJMeterEngine: Starting ThreadGroup: 1 : Thread Group
2024-04-27 13:07:13,929 INFO o.a.j.e.StandardJMeterEngine: Starting 15 threads for group Thread Group.
2024-04-27 13:07:13,929 INFO o.a.j.e.StandardJMeterEngine: Thread will continue on error
2024-04-27 13:07:13,930 INFO o.a.j.t.ThreadGroup: Starting thread group... number=1 threads=15 ramp-up=1 delayedStart=false
2024-04-27 13:07:13,931 INFO o.a.j.t.JMeterThread: Thread started: Thread Group 1-1
2024-04-27 13:07:13,933 INFO o.a.j.t.JMeterThread: Thread is done: Thread Group 1-1
2024-04-27 13:07:13,933 INFO o.a.j.t.JMeterThread: Thread finished: Thread Group 1-1
2024-04-27 13:07:13,934 INFO o.a.j.t.ThreadGroup: Started thread group number 1
2024-04-27 13:07:13,934 INFO o.a.j.e.StandardJMeterEngine: All thread groups have been started
2024-04-27 13:07:14,006 INFO o.a.j.t.JMeterThread: Thread started: Thread Group 1-2
2024-04-27 13:07:14,007 INFO o.a.j.t.JMeterThread: Thread is done: Thread Group 1-2
2024-04-27 13:07:14,008 INFO o.a.j.t.JMeterThread: Thread finished: Thread Group 1-2
2024-04-27 13:07:14,069 INFO o.a.j.t.JMeterThread: Thread started: Thread Group 1-3
2024-04-27 13:07:14,070 INFO o.a.j.t.JMeterThread: Thread is done: Thread Group 1-3
2024-04-27 13:07:14,071 INFO o.a.j.t.JMeterThread: Thread finished: Thread Group 1-3
2024-04-27 13:07:14,133 INFO o.a.j.t.JMeterThread: Thread started: Thread Group 1-4
2024-04-27 13:07:14,135 INFO o.a.j.t.JMeterThread: Thread is done: Thread Group 1-4
2024-04-27 13:07:14,135 INFO o.a.j.t.JMeterThread: Thread finished: Thread Group 1-4
2024-04-27 13:07:14,210 INFO o.a.j.t.JMeterThread: Thread started: Thread Group 1-5
2024-04-27 13:07:14,212 INFO o.a.j.t.JMeterThread: Thread is done: Thread Group 1-5
2024-04-27 13:07:14,212 INFO o.a.j.t.JMeterThread: Thread finished: Thread Group 1-5
2024-04-27 13:07:14,273 INFO o.a.j.t.JMeterThread: Thread started: Thread Group 1-6
2024-04-27 13:07:14,274 INFO o.a.j.t.JMeterThread: Thread is done: Thread Group 1-6
2024-04-27 13:07:14,275 INFO o.a.j.t.JMeterThread: Thread finished: Thread Group 1-6
2024-04-27 13:07:14,336 INFO o.a.j.t.JMeterThread: Thread started: Thread Group 1-7
2024-04-27 13:07:14,338 INFO o.a.j.t.JMeterThread: Thread is done: Thread Group 1-7
2024-04-27 13:07:14,338 INFO o.a.j.t.JMeterThread: Thread finished: Thread Group 1-7
2024-04-27 13:07:14,416 INFO o.a.j.t.JMeterThread: Thread started: Thread Group 1-8
2024-04-27 13:07:14,418 INFO o.a.j.t.JMeterThread: Thread is done: Thread Group 1-8
2024-04-27 13:07:14,418 INFO o.a.j.t.JMeterThread: Thread finished: Thread Group 1-8
2024-04-27 13:07:14,480 INFO o.a.j.t.JMeterThread: Thread started: Thread Group 1-9
2024-04-27 13:07:14,482 INFO o.a.j.t.JMeterThread: Thread is done: Thread Group 1-9
2024-04-27 13:07:14,482 INFO o.a.j.t.JMeterThread: Thread finished: Thread Group 1-9
2024-04-27 13:07:14,542 INFO o.a.j.t.JMeterThread: Thread started: Thread Group 1-10
2024-04-27 13:07:14,543 INFO o.a.j.t.JMeterThread: Thread is done: Thread Group 1-10
2024-04-27 13:07:14,544 INFO o.a.j.t.JMeterThread: Thread finished: Thread Group 1-10
2024-04-27 13:07:14,606 INFO o.a.j.t.JMeterThread: Thread started: Thread Group 1-11
2024-04-27 13:07:14,609 INFO o.a.j.t.JMeterThread: Thread is done: Thread Group 1-11
2024-04-27 13:07:14,609 INFO o.a.j.t.JMeterThread: Thread finished: Thread Group 1-11
2024-04-27 13:07:14,670 INFO o.a.j.t.JMeterThread: Thread started: Thread Group 1-12
2024-04-27 13:07:14,672 INFO o.a.j.t.JMeterThread: Thread is done: Thread Group 1-12
2024-04-27 13:07:14,672 INFO o.a.j.t.JMeterThread: Thread finished: Thread Group 1-12
2024-04-27 13:07:14,749 INFO o.a.j.t.JMeterThread: Thread started: Thread Group 1-13
2024-04-27 13:07:14,751 INFO o.a.j.t.JMeterThread: Thread is done: Thread Group 1-13
2024-04-27 13:07:14,751 INFO o.a.j.t.JMeterThread: Thread finished: Thread Group 1-13
2024-04-27 13:07:14,813 INFO o.a.j.t.JMeterThread: Thread started: Thread Group 1-14
2024-04-27 13:07:14,815 INFO o.a.j.t.JMeterThread: Thread is done: Thread Group 1-14
2024-04-27 13:07:14,816 INFO o.a.j.t.JMeterThread: Thread finished: Thread Group 1-14
2024-04-27 13:07:14,877 INFO o.a.j.t.JMeterThread: Thread started: Thread Group 1-15
2024-04-27 13:07:14,878 INFO o.a.j.t.JMeterThread: Thread is done: Thread Group 1-15
2024-04-27 13:07:14,879 INFO o.a.j.t.JMeterThread: Thread finished: Thread Group 1-15
2024-04-27 13:07:14,880 INFO o.a.j.e.StandardJMeterEngine: Notifying test listeners of end of test
2024-04-27 13:07:14,880 INFO o.a.j.g.u.JMeterMenuBar: setRunning(false, *local*)
2024-04-27 13:08:46,332 INFO o.a.j.e.StandardJMeterEngine: Running the test!
2024-04-27 13:08:46,333 INFO o.a.j.s.SampleEvent: List of sample_variables: []
2024-04-27 13:08:46,334 INFO o.a.j.g.u.JMeterMenuBar: setRunning(true, *local*)
2024-04-27 13:08:46,371 INFO o.a.j.e.StandardJMeterEngine: Starting ThreadGroup: 1 : Thread Group
2024-04-27 13:08:46,371 INFO o.a.j.e.StandardJMeterEngine: Starting 15 threads for group Thread Group.
2024-04-27 13:08:46,371 INFO o.a.j.e.StandardJMeterEngine: Thread will continue on error
2024-04-27 13:08:46,372 INFO o.a.j.t.ThreadGroup: Starting thread group... number=1 threads=15 ramp-up=1 delayedStart=false
2024-04-27 13:08:46,373 INFO o.a.j.t.JMeterThread: Thread started: Thread Group 1-1
2024-04-27 13:08:46,375 INFO o.a.j.t.JMeterThread: Thread is done: Thread Group 1-1
2024-04-27 13:08:46,375 INFO o.a.j.t.JMeterThread: Thread finished: Thread Group 1-1
2024-04-27 13:08:46,375 INFO o.a.j.t.ThreadGroup: Started thread group number 1
2024-04-27 13:08:46,375 INFO o.a.j.e.StandardJMeterEngine: All thread groups have been started
2024-04-27 13:08:46,444 INFO o.a.j.t.JMeterThread: Thread started: Thread Group 1-2
2024-04-27 13:08:46,445 INFO o.a.j.t.JMeterThread: Thread is done: Thread Group 1-2
2024-04-27 13:08:46,445 INFO o.a.j.t.JMeterThread: Thread finished: Thread Group 1-2
2024-04-27 13:08:46,510 INFO o.a.j.t.JMeterThread: Thread started: Thread Group 1-3
2024-04-27 13:08:46,511 INFO o.a.j.t.JMeterThread: Thread is done: Thread Group 1-3
2024-04-27 13:08:46,511 INFO o.a.j.t.JMeterThread: Thread finished: Thread Group 1-3
2024-04-27 13:08:46,577 INFO o.a.j.t.JMeterThread: Thread started: Thread Group 1-4
2024-04-27 13:08:46,580 INFO o.a.j.t.JMeterThread: Thread is done: Thread Group 1-4
2024-04-27 13:08:46,581 INFO o.a.j.t.JMeterThread: Thread finished: Thread Group 1-4
2024-04-27 13:08:46,644 INFO o.a.j.t.JMeterThread: Thread started: Thread Group 1-5
2024-04-27 13:08:46,645 INFO o.a.j.t.JMeterThread: Thread is done: Thread Group 1-5
2024-04-27 13:08:46,645 INFO o.a.j.t.JMeterThread: Thread finished: Thread Group 1-5
2024-04-27 13:08:46,710 INFO o.a.j.t.JMeterThread: Thread started: Thread Group 1-6
2024-04-27 13:08:46,711 INFO o.a.j.t.JMeterThread: Thread is done: Thread Group 1-6
2024-04-27 13:08:46,711 INFO o.a.j.t.JMeterThread: Thread finished: Thread Group 1-6
2024-04-27 13:08:46,779 INFO o.a.j.t.JMeterThread: Thread started: Thread Group 1-7
2024-04-27 13:08:46,781 INFO o.a.j.t.JMeterThread: Thread is done: Thread Group 1-7
2024-04-27 13:08:46,781 INFO o.a.j.t.JMeterThread: Thread finished: Thread Group 1-7
2024-04-27 13:08:46,846 INFO o.a.j.t.JMeterThread: Thread started: Thread Group 1-8
2024-04-27 13:08:46,847 INFO o.a.j.t.JMeterThread: Thread is done: Thread Group 1-8
2024-04-27 13:08:46,847 INFO o.a.j.t.JMeterThread: Thread finished: Thread Group 1-8
2024-04-27 13:08:46,911 INFO o.a.j.t.JMeterThread: Thread started: Thread Group 1-9
2024-04-27 13:08:46,913 INFO o.a.j.t.JMeterThread: Thread is done: Thread Group 1-9
2024-04-27 13:08:46,913 INFO o.a.j.t.JMeterThread: Thread finished: Thread Group 1-9
2024-04-27 13:08:46,978 INFO o.a.j.t.JMeterThread: Thread started: Thread Group 1-10
2024-04-27 13:08:46,979 INFO o.a.j.t.JMeterThread: Thread is done: Thread Group 1-10
2024-04-27 13:08:46,980 INFO o.a.j.t.JMeterThread: Thread finished: Thread Group 1-10
2024-04-27 13:08:47,045 INFO o.a.j.t.JMeterThread: Thread started: Thread Group 1-11
2024-04-27 13:08:47,047 INFO o.a.j.t.JMeterThread: Thread is done: Thread Group 1-11
2024-04-27 13:08:47,047 INFO o.a.j.t.JMeterThread: Thread finished: Thread Group 1-11
2024-04-27 13:08:47,114 INFO o.a.j.t.JMeterThread: Thread started: Thread Group 1-12
2024-04-27 13:08:47,116 INFO o.a.j.t.JMeterThread: Thread is done: Thread Group 1-12
2024-04-27 13:08:47,116 INFO o.a.j.t.JMeterThread: Thread finished: Thread Group 1-12
2024-04-27 13:08:47,179 INFO o.a.j.t.JMeterThread: Thread started: Thread Group 1-13
2024-04-27 13:08:47,180 INFO o.a.j.t.JMeterThread: Thread is done: Thread Group 1-13
2024-04-27 13:08:47,180 INFO o.a.j.t.JMeterThread: Thread finished: Thread Group 1-13
2024-04-27 13:08:47,246 INFO o.a.j.t.JMeterThread: Thread started: Thread Group 1-14
2024-04-27 13:08:47,247 INFO o.a.j.t.JMeterThread: Thread is done: Thread Group 1-14
2024-04-27 13:08:47,247 INFO o.a.j.t.JMeterThread: Thread finished: Thread Group 1-14
2024-04-27 13:08:47,313 INFO o.a.j.t.JMeterThread: Thread started: Thread Group 1-15
2024-04-27 13:08:47,315 INFO o.a.j.t.JMeterThread: Thread is done: Thread Group 1-15
2024-04-27 13:08:47,315 INFO o.a.j.t.JMeterThread: Thread finished: Thread Group 1-15
2024-04-27 13:08:47,315 INFO o.a.j.e.StandardJMeterEngine: Notifying test listeners of end of test
2024-04-27 13:08:47,315 INFO o.a.j.g.u.JMeterMenuBar: setRunning(false, *local*)
2024-04-27 13:10:24,940 INFO o.a.j.e.StandardJMeterEngine: Running the test!
2024-04-27 13:10:24,940 INFO o.a.j.s.SampleEvent: List of sample_variables: []
2024-04-27 13:10:24,941 INFO o.a.j.g.u.JMeterMenuBar: setRunning(true, *local*)
2024-04-27 13:10:24,982 INFO o.a.j.e.StandardJMeterEngine: Starting ThreadGroup: 1 : Thread Group
2024-04-27 13:10:24,982 INFO o.a.j.e.StandardJMeterEngine: Starting 15 threads for group Thread Group.
2024-04-27 13:10:24,982 INFO o.a.j.e.StandardJMeterEngine: Thread will continue on error
2024-04-27 13:10:24,982 INFO o.a.j.t.ThreadGroup: Starting thread group... number=1 threads=15 ramp-up=1 delayedStart=false
2024-04-27 13:10:24,984 INFO o.a.j.t.JMeterThread: Thread started: Thread Group 1-1
2024-04-27 13:10:24,985 INFO o.a.j.t.ThreadGroup: Started thread group number 1
2024-04-27 13:10:24,985 INFO o.a.j.e.StandardJMeterEngine: All thread groups have been started
2024-04-27 13:10:24,986 INFO o.a.j.t.JMeterThread: Thread is done: Thread Group 1-1
2024-04-27 13:10:24,986 INFO o.a.j.t.JMeterThread: Thread finished: Thread Group 1-1
2024-04-27 13:10:25,052 INFO o.a.j.t.JMeterThread: Thread started: Thread Group 1-2
2024-04-27 13:10:25,053 INFO o.a.j.t.JMeterThread: Thread is done: Thread Group 1-2
2024-04-27 13:10:25,053 INFO o.a.j.t.JMeterThread: Thread finished: Thread Group 1-2
2024-04-27 13:10:25,121 INFO o.a.j.t.JMeterThread: Thread started: Thread Group 1-3
2024-04-27 13:10:25,122 INFO o.a.j.t.JMeterThread: Thread is done: Thread Group 1-3
2024-04-27 13:10:25,122 INFO o.a.j.t.JMeterThread: Thread finished: Thread Group 1-3
2024-04-27 13:10:25,187 INFO o.a.j.t.JMeterThread: Thread started: Thread Group 1-4
2024-04-27 13:10:25,188 INFO o.a.j.t.JMeterThread: Thread is done: Thread Group 1-4
2024-04-27 13:10:25,188 INFO o.a.j.t.JMeterThread: Thread finished: Thread Group 1-4
2024-04-27 13:10:25,254 INFO o.a.j.t.JMeterThread: Thread started: Thread Group 1-5
2024-04-27 13:10:25,255 INFO o.a.j.t.JMeterThread: Thread is done: Thread Group 1-5
2024-04-27 13:10:25,255 INFO o.a.j.t.JMeterThread: Thread finished: Thread Group 1-5
2024-04-27 13:10:25,322 INFO o.a.j.t.JMeterThread: Thread started: Thread Group 1-6
2024-04-27 13:10:25,323 INFO o.a.j.t.JMeterThread: Thread is done: Thread Group 1-6
2024-04-27 13:10:25,323 INFO o.a.j.t.JMeterThread: Thread finished: Thread Group 1-6
2024-04-27 13:10:25,388 INFO o.a.j.t.JMeterThread: Thread started: Thread Group 1-7
2024-04-27 13:10:25,389 INFO o.a.j.t.JMeterThread: Thread is done: Thread Group 1-7
2024-04-27 13:10:25,389 INFO o.a.j.t.JMeterThread: Thread finished: Thread Group 1-7
2024-04-27 13:10:25,454 INFO o.a.j.t.JMeterThread: Thread started: Thread Group 1-8
2024-04-27 13:10:25,455 INFO o.a.j.t.JMeterThread: Thread is done: Thread Group 1-8
2024-04-27 13:10:25,455 INFO o.a.j.t.JMeterThread: Thread finished: Thread Group 1-8
2024-04-27 13:10:25,521 INFO o.a.j.t.JMeterThread: Thread started: Thread Group 1-9
2024-04-27 13:10:25,523 INFO o.a.j.t.JMeterThread: Thread is done: Thread Group 1-9
2024-04-27 13:10:25,523 INFO o.a.j.t.JMeterThread: Thread finished: Thread Group 1-9
2024-04-27 13:10:25,588 INFO o.a.j.t.JMeterThread: Thread started: Thread Group 1-10
2024-04-27 13:10:25,589 INFO o.a.j.t.JMeterThread: Thread is done: Thread Group 1-10
2024-04-27 13:10:25,589 INFO o.a.j.t.JMeterThread: Thread finished: Thread Group 1-10
2024-04-27 13:10:25,655 INFO o.a.j.t.JMeterThread: Thread started: Thread Group 1-11
2024-04-27 13:10:25,656 INFO o.a.j.t.JMeterThread: Thread is done: Thread Group 1-11
2024-04-27 13:10:25,656 INFO o.a.j.t.JMeterThread: Thread finished: Thread Group 1-11
2024-04-27 13:10:25,722 INFO o.a.j.t.JMeterThread: Thread started: Thread Group 1-12
2024-04-27 13:10:25,723 INFO o.a.j.t.JMeterThread: Thread is done: Thread Group 1-12
2024-04-27 13:10:25,723 INFO o.a.j.t.JMeterThread: Thread finished: Thread Group 1-12
2024-04-27 13:10:25,788 INFO o.a.j.t.JMeterThread: Thread started: Thread Group 1-13
2024-04-27 13:10:25,789 INFO o.a.j.t.JMeterThread: Thread is done: Thread Group 1-13
2024-04-27 13:10:25,790 INFO o.a.j.t.JMeterThread: Thread finished: Thread Group 1-13
2024-04-27 13:10:25,856 INFO o.a.j.t.JMeterThread: Thread started: Thread Group 1-14
2024-04-27 13:10:25,858 INFO o.a.j.t.JMeterThread: Thread is done: Thread Group 1-14
2024-04-27 13:10:25,858 INFO o.a.j.t.JMeterThread: Thread finished: Thread Group 1-14
2024-04-27 13:10:25,923 INFO o.a.j.t.JMeterThread: Thread started: Thread Group 1-15
2024-04-27 13:10:25,924 INFO o.a.j.t.JMeterThread: Thread is done: Thread Group 1-15
2024-04-27 13:10:25,924 INFO o.a.j.t.JMeterThread: Thread finished: Thread Group 1-15
2024-04-27 13:10:25,924 INFO o.a.j.e.StandardJMeterEngine: Notifying test listeners of end of test
2024-04-27 13:10:25,925 INFO o.a.j.g.u.JMeterMenuBar: setRunning(false, *local*)
2024-04-27 13:56:26,657 INFO o.a.j.e.StandardJMeterEngine: Running the test!
2024-04-27 13:56:26,658 INFO o.a.j.s.SampleEvent: List of sample_variables: []
2024-04-27 13:56:26,659 INFO o.a.j.g.u.JMeterMenuBar: setRunning(true, *local*)
2024-04-27 13:56:26,725 INFO o.a.j.e.StandardJMeterEngine: Starting ThreadGroup: 1 : Thread Group
2024-04-27 13:56:26,726 INFO o.a.j.e.StandardJMeterEngine: Starting 15 threads for group Thread Group.
2024-04-27 13:56:26,726 INFO o.a.j.e.StandardJMeterEngine: Thread will continue on error
2024-04-27 13:56:26,726 INFO o.a.j.t.ThreadGroup: Starting thread group... number=1 threads=15 ramp-up=1 delayedStart=false
2024-04-27 13:56:26,727 INFO o.a.j.t.JMeterThread: Thread started: Thread Group 1-1
2024-04-27 13:56:26,731 INFO o.a.j.t.ThreadGroup: Started thread group number 1
2024-04-27 13:56:26,731 INFO o.a.j.e.StandardJMeterEngine: All thread groups have been started
2024-04-27 13:56:26,731 INFO o.a.j.t.JMeterThread: Thread is done: Thread Group 1-1
2024-04-27 13:56:26,731 INFO o.a.j.t.JMeterThread: Thread finished: Thread Group 1-1
2024-04-27 13:56:26,795 INFO o.a.j.t.JMeterThread: Thread started: Thread Group 1-2
2024-04-27 13:56:26,797 INFO o.a.j.t.JMeterThread: Thread is done: Thread Group 1-2
2024-04-27 13:56:26,797 INFO o.a.j.t.JMeterThread: Thread finished: Thread Group 1-2
2024-04-27 13:56:26,863 INFO o.a.j.t.JMeterThread: Thread started: Thread Group 1-3
2024-04-27 13:56:26,867 INFO o.a.j.t.JMeterThread: Thread is done: Thread Group 1-3
2024-04-27 13:56:26,867 INFO o.a.j.t.JMeterThread: Thread finished: Thread Group 1-3
2024-04-27 13:56:26,930 INFO o.a.j.t.JMeterThread: Thread started: Thread Group 1-4
2024-04-27 13:56:26,932 INFO o.a.j.t.JMeterThread: Thread is done: Thread Group 1-4
2024-04-27 13:56:26,932 INFO o.a.j.t.JMeterThread: Thread finished: Thread Group 1-4
2024-04-27 13:56:26,997 INFO o.a.j.t.JMeterThread: Thread started: Thread Group 1-5
2024-04-27 13:56:26,998 INFO o.a.j.t.JMeterThread: Thread is done: Thread Group 1-5
2024-04-27 13:56:26,999 INFO o.a.j.t.JMeterThread: Thread finished: Thread Group 1-5
2024-04-27 13:56:27,063 INFO o.a.j.t.JMeterThread: Thread started: Thread Group 1-6
2024-04-27 13:56:27,064 INFO o.a.j.t.JMeterThread: Thread is done: Thread Group 1-6
2024-04-27 13:56:27,065 INFO o.a.j.t.JMeterThread: Thread finished: Thread Group 1-6
2024-04-27 13:56:27,131 INFO o.a.j.t.JMeterThread: Thread started: Thread Group 1-7
2024-04-27 13:56:27,133 INFO o.a.j.t.JMeterThread: Thread is done: Thread Group 1-7
2024-04-27 13:56:27,133 INFO o.a.j.t.JMeterThread: Thread finished: Thread Group 1-7
2024-04-27 13:56:27,197 INFO o.a.j.t.JMeterThread: Thread started: Thread Group 1-8
2024-04-27 13:56:27,198 INFO o.a.j.t.JMeterThread: Thread is done: Thread Group 1-8
2024-04-27 13:56:27,199 INFO o.a.j.t.JMeterThread: Thread finished: Thread Group 1-8
2024-04-27 13:56:27,264 INFO o.a.j.t.JMeterThread: Thread started: Thread Group 1-9
2024-04-27 13:56:27,265 INFO o.a.j.t.JMeterThread: Thread is done: Thread Group 1-9
2024-04-27 13:56:27,266 INFO o.a.j.t.JMeterThread: Thread finished: Thread Group 1-9
2024-04-27 13:56:27,331 INFO o.a.j.t.JMeterThread: Thread started: Thread Group 1-10
2024-04-27 13:56:27,333 INFO o.a.j.t.JMeterThread: Thread is done: Thread Group 1-10
2024-04-27 13:56:27,333 INFO o.a.j.t.JMeterThread: Thread finished: Thread Group 1-10
2024-04-27 13:56:27,398 INFO o.a.j.t.JMeterThread: Thread started: Thread Group 1-11
2024-04-27 13:56:27,399 INFO o.a.j.t.JMeterThread: Thread is done: Thread Group 1-11
2024-04-27 13:56:27,400 INFO o.a.j.t.JMeterThread: Thread finished: Thread Group 1-11
2024-04-27 13:56:27,465 INFO o.a.j.t.JMeterThread: Thread started: Thread Group 1-12
2024-04-27 13:56:27,466 INFO o.a.j.t.JMeterThread: Thread is done: Thread Group 1-12
2024-04-27 13:56:27,466 INFO o.a.j.t.JMeterThread: Thread finished: Thread Group 1-12
2024-04-27 13:56:27,534 INFO o.a.j.t.JMeterThread: Thread started: Thread Group 1-13
2024-04-27 13:56:27,535 INFO o.a.j.t.JMeterThread: Thread is done: Thread Group 1-13
2024-04-27 13:56:27,536 INFO o.a.j.t.JMeterThread: Thread finished: Thread Group 1-13
2024-04-27 13:56:27,600 INFO o.a.j.t.JMeterThread: Thread started: Thread Group 1-14
2024-04-27 13:56:27,601 INFO o.a.j.t.JMeterThread: Thread is done: Thread Group 1-14
2024-04-27 13:56:27,601 INFO o.a.j.t.JMeterThread: Thread finished: Thread Group 1-14
2024-04-27 13:56:27,668 INFO o.a.j.t.JMeterThread: Thread started: Thread Group 1-15
2024-04-27 13:56:27,669 INFO o.a.j.t.JMeterThread: Thread is done: Thread Group 1-15
2024-04-27 13:56:27,669 INFO o.a.j.t.JMeterThread: Thread finished: Thread Group 1-15
2024-04-27 13:56:27,670 INFO o.a.j.e.StandardJMeterEngine: Notifying test listeners of end of test
2024-04-27 13:56:27,670 INFO o.a.j.g.u.JMeterMenuBar: setRunning(false, *local*)
2024-04-27 13:59:43,847 INFO o.a.j.e.StandardJMeterEngine: Running the test!
2024-04-27 13:59:43,847 INFO o.a.j.s.SampleEvent: List of sample_variables: []
2024-04-27 13:59:43,849 INFO o.a.j.g.u.JMeterMenuBar: setRunning(true, *local*)
2024-04-27 13:59:43,918 INFO o.a.j.e.StandardJMeterEngine: Starting ThreadGroup: 1 : Thread Group
2024-04-27 13:59:43,918 INFO o.a.j.e.StandardJMeterEngine: Starting 15 threads for group Thread Group.
2024-04-27 13:59:43,918 INFO o.a.j.e.StandardJMeterEngine: Thread will continue on error
2024-04-27 13:59:43,919 INFO o.a.j.t.ThreadGroup: Starting thread group... number=1 threads=15 ramp-up=1 delayedStart=false
2024-04-27 13:59:43,920 INFO o.a.j.t.JMeterThread: Thread started: Thread Group 1-1
2024-04-27 13:59:43,923 INFO o.a.j.t.JMeterThread: Thread is done: Thread Group 1-1
2024-04-27 13:59:43,923 INFO o.a.j.t.JMeterThread: Thread finished: Thread Group 1-1
2024-04-27 13:59:43,926 INFO o.a.j.t.ThreadGroup: Started thread group number 1
2024-04-27 13:59:43,927 INFO o.a.j.e.StandardJMeterEngine: All thread groups have been started
2024-04-27 13:59:43,990 INFO o.a.j.t.JMeterThread: Thread started: Thread Group 1-2
2024-04-27 13:59:43,992 INFO o.a.j.t.JMeterThread: Thread is done: Thread Group 1-2
2024-04-27 13:59:43,992 INFO o.a.j.t.JMeterThread: Thread finished: Thread Group 1-2
2024-04-27 13:59:44,055 INFO o.a.j.t.JMeterThread: Thread started: Thread Group 1-3
2024-04-27 13:59:44,057 INFO o.a.j.t.JMeterThread: Thread is done: Thread Group 1-3
2024-04-27 13:59:44,058 INFO o.a.j.t.JMeterThread: Thread finished: Thread Group 1-3
2024-04-27 13:59:44,123 INFO o.a.j.t.JMeterThread: Thread started: Thread Group 1-4
2024-04-27 13:59:44,124 INFO o.a.j.t.JMeterThread: Thread is done: Thread Group 1-4
2024-04-27 13:59:44,125 INFO o.a.j.t.JMeterThread: Thread finished: Thread Group 1-4
2024-04-27 13:59:44,189 INFO o.a.j.t.JMeterThread: Thread started: Thread Group 1-5
2024-04-27 13:59:44,190 INFO o.a.j.t.JMeterThread: Thread is done: Thread Group 1-5
2024-04-27 13:59:44,191 INFO o.a.j.t.JMeterThread: Thread finished: Thread Group 1-5
2024-04-27 13:59:44,256 INFO o.a.j.t.JMeterThread: Thread started: Thread Group 1-6
2024-04-27 13:59:44,258 INFO o.a.j.t.JMeterThread: Thread is done: Thread Group 1-6
2024-04-27 13:59:44,258 INFO o.a.j.t.JMeterThread: Thread finished: Thread Group 1-6
2024-04-27 13:59:44,323 INFO o.a.j.t.JMeterThread: Thread started: Thread Group 1-7
2024-04-27 13:59:44,325 INFO o.a.j.t.JMeterThread: Thread is done: Thread Group 1-7
2024-04-27 13:59:44,325 INFO o.a.j.t.JMeterThread: Thread finished: Thread Group 1-7
2024-04-27 13:59:44,390 INFO o.a.j.t.JMeterThread: Thread started: Thread Group 1-8
2024-04-27 13:59:44,391 INFO o.a.j.t.JMeterThread: Thread is done: Thread Group 1-8
2024-04-27 13:59:44,391 INFO o.a.j.t.JMeterThread: Thread finished: Thread Group 1-8
2024-04-27 13:59:44,457 INFO o.a.j.t.JMeterThread: Thread started: Thread Group 1-9
2024-04-27 13:59:44,458 INFO o.a.j.t.JMeterThread: Thread is done: Thread Group 1-9
2024-04-27 13:59:44,459 INFO o.a.j.t.JMeterThread: Thread finished: Thread Group 1-9
2024-04-27 13:59:44,525 INFO o.a.j.t.JMeterThread: Thread started: Thread Group 1-10
2024-04-27 13:59:44,528 INFO o.a.j.t.JMeterThread: Thread is done: Thread Group 1-10
2024-04-27 13:59:44,528 INFO o.a.j.t.JMeterThread: Thread finished: Thread Group 1-10
2024-04-27 13:59:44,592 INFO o.a.j.t.JMeterThread: Thread started: Thread Group 1-11
2024-04-27 13:59:44,594 INFO o.a.j.t.JMeterThread: Thread is done: Thread Group 1-11
2024-04-27 13:59:44,594 INFO o.a.j.t.JMeterThread: Thread finished: Thread Group 1-11
2024-04-27 13:59:44,658 INFO o.a.j.t.JMeterThread: Thread started: Thread Group 1-12
2024-04-27 13:59:44,660 INFO o.a.j.t.JMeterThread: Thread is done: Thread Group 1-12
2024-04-27 13:59:44,660 INFO o.a.j.t.JMeterThread: Thread finished: Thread Group 1-12
2024-04-27 13:59:44,725 INFO o.a.j.t.JMeterThread: Thread started: Thread Group 1-13
2024-04-27 13:59:44,726 INFO o.a.j.t.JMeterThread: Thread is done: Thread Group 1-13
2024-04-27 13:59:44,726 INFO o.a.j.t.JMeterThread: Thread finished: Thread Group 1-13
2024-04-27 13:59:44,794 INFO o.a.j.t.JMeterThread: Thread started: Thread Group 1-14
2024-04-27 13:59:44,796 INFO o.a.j.t.JMeterThread: Thread is done: Thread Group 1-14
2024-04-27 13:59:44,796 INFO o.a.j.t.JMeterThread: Thread finished: Thread Group 1-14
2024-04-27 13:59:44,859 INFO o.a.j.t.JMeterThread: Thread started: Thread Group 1-15
2024-04-27 13:59:44,860 INFO o.a.j.t.JMeterThread: Thread is done: Thread Group 1-15
2024-04-27 13:59:44,861 INFO o.a.j.t.JMeterThread: Thread finished: Thread Group 1-15
2024-04-27 13:59:44,861 INFO o.a.j.e.StandardJMeterEngine: Notifying test listeners of end of test
2024-04-27 13:59:44,861 INFO o.a.j.g.u.JMeterMenuBar: setRunning(false, *local*)
2024-04-27 14:06:17,312 INFO o.a.j.e.StandardJMeterEngine: Running the test!
2024-04-27 14:06:17,313 INFO o.a.j.s.SampleEvent: List of sample_variables: []
2024-04-27 14:06:17,314 INFO o.a.j.g.u.JMeterMenuBar: setRunning(true, *local*)
2024-04-27 14:06:17,380 INFO o.a.j.e.StandardJMeterEngine: Starting ThreadGroup: 1 : Thread Group
2024-04-27 14:06:17,381 INFO o.a.j.e.StandardJMeterEngine: Starting 15 threads for group Thread Group.
2024-04-27 14:06:17,381 INFO o.a.j.e.StandardJMeterEngine: Thread will continue on error
2024-04-27 14:06:17,381 INFO o.a.j.t.ThreadGroup: Starting thread group... number=1 threads=15 ramp-up=1 delayedStart=false
2024-04-27 14:06:17,382 INFO o.a.j.t.JMeterThread: Thread started: Thread Group 1-1
2024-04-27 14:06:17,389 INFO o.a.j.t.ThreadGroup: Started thread group number 1
2024-04-27 14:06:17,389 INFO o.a.j.e.StandardJMeterEngine: All thread groups have been started
2024-04-27 14:06:17,450 INFO o.a.j.t.JMeterThread: Thread started: Thread Group 1-2
2024-04-27 14:06:17,517 INFO o.a.j.t.JMeterThread: Thread started: Thread Group 1-3
2024-04-27 14:06:17,585 INFO o.a.j.t.JMeterThread: Thread started: Thread Group 1-4
2024-04-27 14:06:17,651 INFO o.a.j.t.JMeterThread: Thread started: Thread Group 1-5
2024-04-27 14:06:17,720 INFO o.a.j.t.JMeterThread: Thread started: Thread Group 1-6
2024-04-27 14:06:17,785 INFO o.a.j.t.JMeterThread: Thread started: Thread Group 1-7
2024-04-27 14:06:17,854 INFO o.a.j.t.JMeterThread: Thread started: Thread Group 1-8
2024-04-27 14:06:17,920 INFO o.a.j.t.JMeterThread: Thread started: Thread Group 1-9
2024-04-27 14:06:17,986 INFO o.a.j.t.JMeterThread: Thread started: Thread Group 1-10
2024-04-27 14:06:18,053 INFO o.a.j.t.JMeterThread: Thread started: Thread Group 1-11
2024-04-27 14:06:18,120 INFO o.a.j.t.JMeterThread: Thread started: Thread Group 1-12
2024-04-27 14:06:18,189 INFO o.a.j.t.JMeterThread: Thread started: Thread Group 1-13
2024-04-27 14:06:18,254 INFO o.a.j.t.JMeterThread: Thread started: Thread Group 1-14
2024-04-27 14:06:18,279 INFO o.a.j.t.JMeterThread: Thread is done: Thread Group 1-1
2024-04-27 14:06:18,279 INFO o.a.j.t.JMeterThread: Thread is done: Thread Group 1-5
2024-04-27 14:06:18,279 INFO o.a.j.t.JMeterThread: Thread finished: Thread Group 1-1
2024-04-27 14:06:18,279 INFO o.a.j.t.JMeterThread: Thread finished: Thread Group 1-5
2024-04-27 14:06:18,323 INFO o.a.j.t.JMeterThread: Thread started: Thread Group 1-15
2024-04-27 14:06:19,761 INFO o.a.j.t.JMeterThread: Thread is done: Thread Group 1-6
2024-04-27 14:06:19,761 INFO o.a.j.t.JMeterThread: Thread is done: Thread Group 1-4
2024-04-27 14:06:19,761 INFO o.a.j.t.JMeterThread: Thread finished: Thread Group 1-6
2024-04-27 14:06:19,762 INFO o.a.j.t.JMeterThread: Thread finished: Thread Group 1-4
2024-04-27 14:06:19,762 INFO o.a.j.t.JMeterThread: Thread is done: Thread Group 1-2
2024-04-27 14:06:19,762 INFO o.a.j.t.JMeterThread: Thread finished: Thread Group 1-2
2024-04-27 14:06:19,766 INFO o.a.j.t.JMeterThread: Thread is done: Thread Group 1-3
2024-04-27 14:06:19,766 INFO o.a.j.t.JMeterThread: Thread finished: Thread Group 1-3
2024-04-27 14:06:19,809 INFO o.a.j.t.JMeterThread: Thread is done: Thread Group 1-7
2024-04-27 14:06:19,809 INFO o.a.j.t.JMeterThread: Thread finished: Thread Group 1-7
2024-04-27 14:06:19,871 INFO o.a.j.t.JMeterThread: Thread is done: Thread Group 1-8
2024-04-27 14:06:19,872 INFO o.a.j.t.JMeterThread: Thread finished: Thread Group 1-8
2024-04-27 14:06:19,935 INFO o.a.j.t.JMeterThread: Thread is done: Thread Group 1-9
2024-04-27 14:06:19,935 INFO o.a.j.t.JMeterThread: Thread finished: Thread Group 1-9
2024-04-27 14:06:19,999 INFO o.a.j.t.JMeterThread: Thread is done: Thread Group 1-10
2024-04-27 14:06:20,000 INFO o.a.j.t.JMeterThread: Thread finished: Thread Group 1-10
2024-04-27 14:06:20,079 INFO o.a.j.t.JMeterThread: Thread is done: Thread Group 1-11
2024-04-27 14:06:20,079 INFO o.a.j.t.JMeterThread: Thread finished: Thread Group 1-11
2024-04-27 14:06:20,140 INFO o.a.j.t.JMeterThread: Thread is done: Thread Group 1-12
2024-04-27 14:06:20,140 INFO o.a.j.t.JMeterThread: Thread finished: Thread Group 1-12
2024-04-27 14:06:20,204 INFO o.a.j.t.JMeterThread: Thread is done: Thread Group 1-13
2024-04-27 14:06:20,204 INFO o.a.j.t.JMeterThread: Thread finished: Thread Group 1-13
2024-04-27 14:06:20,284 INFO o.a.j.t.JMeterThread: Thread is done: Thread Group 1-14
2024-04-27 14:06:20,285 INFO o.a.j.t.JMeterThread: Thread finished: Thread Group 1-14
2024-04-27 14:06:20,350 INFO o.a.j.t.JMeterThread: Thread is done: Thread Group 1-15
2024-04-27 14:06:20,350 INFO o.a.j.t.JMeterThread: Thread finished: Thread Group 1-15
2024-04-27 14:06:20,351 INFO o.a.j.e.StandardJMeterEngine: Notifying test listeners of end of test
2024-04-27 14:06:20,352 INFO o.a.j.g.u.JMeterMenuBar: setRunning(false, *local*)
2024-04-27 14:08:56,767 INFO o.a.j.e.StandardJMeterEngine: Running the test!
2024-04-27 14:08:56,770 INFO o.a.j.s.SampleEvent: List of sample_variables: []
2024-04-27 14:08:56,770 INFO o.a.j.g.u.JMeterMenuBar: setRunning(true, *local*)
2024-04-27 14:08:56,817 INFO o.a.j.e.StandardJMeterEngine: Starting ThreadGroup: 1 : Thread Group
2024-04-27 14:08:56,817 INFO o.a.j.e.StandardJMeterEngine: Starting 15 threads for group Thread Group.
2024-04-27 14:08:56,817 INFO o.a.j.e.StandardJMeterEngine: Thread will continue on error
2024-04-27 14:08:56,818 INFO o.a.j.t.ThreadGroup: Starting thread group... number=1 threads=15 ramp-up=1 delayedStart=false
2024-04-27 14:08:56,819 INFO o.a.j.t.JMeterThread: Thread started: Thread Group 1-1
2024-04-27 14:08:56,825 INFO o.a.j.t.ThreadGroup: Started thread group number 1
2024-04-27 14:08:56,825 INFO o.a.j.e.StandardJMeterEngine: All thread groups have been started
2024-04-27 14:08:56,887 INFO o.a.j.t.JMeterThread: Thread started: Thread Group 1-2
2024-04-27 14:08:56,953 INFO o.a.j.t.JMeterThread: Thread started: Thread Group 1-3
2024-04-27 14:08:57,020 INFO o.a.j.t.JMeterThread: Thread started: Thread Group 1-4
2024-04-27 14:08:57,087 INFO o.a.j.t.JMeterThread: Thread started: Thread Group 1-5
2024-04-27 14:08:57,155 INFO o.a.j.t.JMeterThread: Thread started: Thread Group 1-6
2024-04-27 14:08:57,223 INFO o.a.j.t.JMeterThread: Thread started: Thread Group 1-7
2024-04-27 14:08:57,289 INFO o.a.j.t.JMeterThread: Thread started: Thread Group 1-8
2024-04-27 14:08:57,356 INFO o.a.j.t.JMeterThread: Thread started: Thread Group 1-9
2024-04-27 14:08:57,423 INFO o.a.j.t.JMeterThread: Thread started: Thread Group 1-10
2024-04-27 14:08:57,490 INFO o.a.j.t.JMeterThread: Thread started: Thread Group 1-11
2024-04-27 14:08:57,557 INFO o.a.j.t.JMeterThread: Thread started: Thread Group 1-12
2024-04-27 14:08:57,624 INFO o.a.j.t.JMeterThread: Thread started: Thread Group 1-13
2024-04-27 14:08:57,670 INFO o.a.j.t.JMeterThread: Thread is done: Thread Group 1-3
2024-04-27 14:08:57,670 INFO o.a.j.t.JMeterThread: Thread is done: Thread Group 1-4
2024-04-27 14:08:57,670 INFO o.a.j.t.JMeterThread: Thread finished: Thread Group 1-3
2024-04-27 14:08:57,670 INFO o.a.j.t.JMeterThread: Thread finished: Thread Group 1-4
2024-04-27 14:08:57,691 INFO o.a.j.t.JMeterThread: Thread started: Thread Group 1-14
2024-04-27 14:08:57,757 INFO o.a.j.t.JMeterThread: Thread started: Thread Group 1-15
2024-04-27 14:08:59,139 INFO o.a.j.t.JMeterThread: Thread is done: Thread Group 1-2
2024-04-27 14:08:59,139 INFO o.a.j.t.JMeterThread: Thread finished: Thread Group 1-2
2024-04-27 14:08:59,142 INFO o.a.j.t.JMeterThread: Thread is done: Thread Group 1-1
2024-04-27 14:08:59,142 INFO o.a.j.t.JMeterThread: Thread finished: Thread Group 1-1
2024-04-27 14:08:59,149 INFO o.a.j.t.JMeterThread: Thread is done: Thread Group 1-5
2024-04-27 14:08:59,149 INFO o.a.j.t.JMeterThread: Thread finished: Thread Group 1-5
2024-04-27 14:08:59,178 INFO o.a.j.t.JMeterThread: Thread is done: Thread Group 1-6
2024-04-27 14:08:59,178 INFO o.a.j.t.JMeterThread: Thread finished: Thread Group 1-6
2024-04-27 14:08:59,241 INFO o.a.j.t.JMeterThread: Thread is done: Thread Group 1-7
2024-04-27 14:08:59,241 INFO o.a.j.t.JMeterThread: Thread finished: Thread Group 1-7
2024-04-27 14:08:59,303 INFO o.a.j.t.JMeterThread: Thread is done: Thread Group 1-8
2024-04-27 14:08:59,304 INFO o.a.j.t.JMeterThread: Thread finished: Thread Group 1-8
2024-04-27 14:08:59,381 INFO o.a.j.t.JMeterThread: Thread is done: Thread Group 1-9
2024-04-27 14:08:59,382 INFO o.a.j.t.JMeterThread: Thread finished: Thread Group 1-9
2024-04-27 14:08:59,442 INFO o.a.j.t.JMeterThread: Thread is done: Thread Group 1-10
2024-04-27 14:08:59,442 INFO o.a.j.t.JMeterThread: Thread finished: Thread Group 1-10
2024-04-27 14:08:59,520 INFO o.a.j.t.JMeterThread: Thread is done: Thread Group 1-11
2024-04-27 14:08:59,521 INFO o.a.j.t.JMeterThread: Thread finished: Thread Group 1-11
2024-04-27 14:08:59,583 INFO o.a.j.t.JMeterThread: Thread is done: Thread Group 1-12
2024-04-27 14:08:59,583 INFO o.a.j.t.JMeterThread: Thread finished: Thread Group 1-12
2024-04-27 14:08:59,648 INFO o.a.j.t.JMeterThread: Thread is done: Thread Group 1-13
2024-04-27 14:08:59,648 INFO o.a.j.t.JMeterThread: Thread finished: Thread Group 1-13
2024-04-27 14:08:59,707 INFO o.a.j.t.JMeterThread: Thread is done: Thread Group 1-14
2024-04-27 14:08:59,708 INFO o.a.j.t.JMeterThread: Thread finished: Thread Group 1-14
2024-04-27 14:08:59,771 INFO o.a.j.t.JMeterThread: Thread is done: Thread Group 1-15
2024-04-27 14:08:59,771 INFO o.a.j.t.JMeterThread: Thread finished: Thread Group 1-15
2024-04-27 14:08:59,771 INFO o.a.j.e.StandardJMeterEngine: Notifying test listeners of end of test
2024-04-27 14:08:59,772 INFO o.a.j.g.u.JMeterMenuBar: setRunning(false, *local*)
